2019-10-26 17:02:50 Warning: DebugKit not enabled. You need to either install pdo_sqlite, or define the "debug_kit" connection name.
2019-10-26 17:08:32 Warning: DebugKit not enabled. You need to either install pdo_sqlite, or define the "debug_kit" connection name.
2019-10-26 17:08:41 Warning: DebugKit not enabled. You need to either install pdo_sqlite, or define the "debug_kit" connection name.
2019-10-26 17:12:07 Warning: DebugKit not enabled. You need to either install pdo_sqlite, or define the "debug_kit" connection name.
2019-10-26 17:20:41 Warning: DebugKit not enabled. You need to either install pdo_sqlite, or define the "debug_kit" connection name.
2019-10-26 17:30:38 Warning: DebugKit not enabled. You need to either install pdo_sqlite, or define the "debug_kit" connection name.
2019-10-26 17:31:00 Warning: DebugKit not enabled. You need to either install pdo_sqlite, or define the "debug_kit" connection name.
2019-10-26 17:31:18 Warning: DebugKit not enabled. You need to either install pdo_sqlite, or define the "debug_kit" connection name.
2019-10-26 17:38:34 Warning: DebugKit not enabled. You need to either install pdo_sqlite, or define the "debug_kit" connection name.
2019-10-26 17:38:34 Warning: Warning (512): /home/ya/js/gh/cake/tmp/cache/models/ is not writable in [/home/ya/js/gh/cake/vendor/cakephp/cakephp/src/Cache/Engine/FileEngine.php, line 445]
Request URL: /bookmarks
Client IP: 127.0.0.1
Trace:
Cake\Error\BaseErrorHandler::handleError() - CORE/src/Error/BaseErrorHandler.php, line 158
Cake\Core\BasePlugin::{closure}() - ROOT/vendor/cakephp/debug_kit/config/bootstrap.php, line 42
Cake\Cache\Engine\FileEngine::_active() - CORE/src/Cache/Engine/FileEngine.php, line 445
Cake\Cache\Engine\FileEngine::init() - CORE/src/Cache/Engine/FileEngine.php, line 105
Cake\Cache\CacheRegistry::_create() - CORE/src/Cache/CacheRegistry.php, line 89
Cake\Core\ObjectRegistry::load() - CORE/src/Core/ObjectRegistry.php, line 96
Cake\Cache\Cache::_buildEngine() - CORE/src/Cache/Cache.php, line 174
Cake\Cache\Cache::engine() - CORE/src/Cache/Cache.php, line 236
Cake\Cache\Cache::read() - CORE/src/Cache/Cache.php, line 378
Cake\Database\Schema\CachedCollection::describe() - CORE/src/Database/Schema/CachedCollection.php, line 56
Cake\ORM\Table::getSchema() - CORE/src/ORM/Table.php, line 559
Cake\ORM\Query::addDefaultTypes() - CORE/src/ORM/Query.php, line 269
Cake\ORM\Query::__construct() - CORE/src/ORM/Query.php, line 167
Cake\ORM\Table::query() - CORE/src/ORM/Table.php, line 1777
Cake\ORM\Table::find() - CORE/src/ORM/Table.php, line 1361
Cake\Datasource\Paginator::paginate() - CORE/src/Datasource/Paginator.php, line 180
Cake\Controller\Component\PaginatorComponent::paginate() - CORE/src/Controller/Component/PaginatorComponent.php, line 200
Cake\Controller\Controller::paginate() - CORE/src/Controller/Controller.php, line 890
App\Controller\BookmarksController::index() - APP/Controller/BookmarksController.php, line 25
Cake\Controller\Controller::invokeAction() - CORE/src/Controller/Controller.php, line 609
Cake\Http\ActionDispatcher::_invoke() - CORE/src/Http/ActionDispatcher.php, line 120
Cake\Http\ActionDispatcher::dispatch() - CORE/src/Http/ActionDispatcher.php, line 94
Cake\Http\BaseApplication::__invoke() - CORE/src/Http/BaseApplication.php, line 234
Cake\Http\Runner::__invoke() - CORE/src/Http/Runner.php, line 65
Cake\Http\Runner::__invoke() - CORE/src/Http/Runner.php, line 65
Cake\Http\Middleware\CsrfProtectionMiddleware::__invoke() - CORE/src/Http/Middleware/CsrfProtectionMiddleware.php, line 123
Cake\Http\Runner::__invoke() - CORE/src/Http/Runner.php, line 65
Cake\Http\Runner::run() - CORE/src/Http/Runner.php, line 51
Cake\Routing\Middleware\RoutingMiddleware::__invoke() - CORE/src/Routing/Middleware/RoutingMiddleware.php, line 168
Cake\Http\Runner::__invoke() - CORE/src/Http/Runner.php, line 65
Cake\Routing\Middleware\AssetMiddleware::__invoke() - CORE/src/Routing/Middleware/AssetMiddleware.php, line 88
Cake\Http\Runner::__invoke() - CORE/src/Http/Runner.php, line 65
Cake\Error\Middleware\ErrorHandlerMiddleware::__invoke() - CORE/src/Error/Middleware/ErrorHandlerMiddleware.php, line 96
Cake\Http\Runner::__invoke() - CORE/src/Http/Runner.php, line 65
Cake\Http\Runner::run() - CORE/src/Http/Runner.php, line 51
Cake\Http\Server::run() - CORE/src/Http/Server.php, line 97
[main] - ROOT/webroot/index.php, line 40



2019-10-26 17:38:34 Warning: Warning (512): _cake_model_ cache was unable to write 'default_bookmarks' to Cake\Cache\SimpleCacheEngine cache in [/home/ya/js/gh/cake/vendor/cakephp/cakephp/src/Cache/Cache.php, line 306]
Request URL: /bookmarks
Client IP: 127.0.0.1
Trace:
Cake\Error\BaseErrorHandler::handleError() - CORE/src/Error/BaseErrorHandler.php, line 158
Cake\Core\BasePlugin::{closure}() - ROOT/vendor/cakephp/debug_kit/config/bootstrap.php, line 42
Cake\Cache\Cache::write() - CORE/src/Cache/Cache.php, line 306
Cake\Database\Schema\CachedCollection::describe() - CORE/src/Database/Schema/CachedCollection.php, line 65
Cake\ORM\Table::getSchema() - CORE/src/ORM/Table.php, line 559
Cake\ORM\Query::addDefaultTypes() - CORE/src/ORM/Query.php, line 269
Cake\ORM\Query::__construct() - CORE/src/ORM/Query.php, line 167
Cake\ORM\Table::query() - CORE/src/ORM/Table.php, line 1777
Cake\ORM\Table::find() - CORE/src/ORM/Table.php, line 1361
Cake\Datasource\Paginator::paginate() - CORE/src/Datasource/Paginator.php, line 180
Cake\Controller\Component\PaginatorComponent::paginate() - CORE/src/Controller/Component/PaginatorComponent.php, line 200
Cake\Controller\Controller::paginate() - CORE/src/Controller/Controller.php, line 890
App\Controller\BookmarksController::index() - APP/Controller/BookmarksController.php, line 25
Cake\Controller\Controller::invokeAction() - CORE/src/Controller/Controller.php, line 609
Cake\Http\ActionDispatcher::_invoke() - CORE/src/Http/ActionDispatcher.php, line 120
Cake\Http\ActionDispatcher::dispatch() - CORE/src/Http/ActionDispatcher.php, line 94
Cake\Http\BaseApplication::__invoke() - CORE/src/Http/BaseApplication.php, line 234
Cake\Http\Runner::__invoke() - CORE/src/Http/Runner.php, line 65
Cake\Http\Runner::__invoke() - CORE/src/Http/Runner.php, line 65
Cake\Http\Middleware\CsrfProtectionMiddleware::__invoke() - CORE/src/Http/Middleware/CsrfProtectionMiddleware.php, line 123
Cake\Http\Runner::__invoke() - CORE/src/Http/Runner.php, line 65
Cake\Http\Runner::run() - CORE/src/Http/Runner.php, line 51
Cake\Routing\Middleware\RoutingMiddleware::__invoke() - CORE/src/Routing/Middleware/RoutingMiddleware.php, line 168
Cake\Http\Runner::__invoke() - CORE/src/Http/Runner.php, line 65
Cake\Routing\Middleware\AssetMiddleware::__invoke() - CORE/src/Routing/Middleware/AssetMiddleware.php, line 88
Cake\Http\Runner::__invoke() - CORE/src/Http/Runner.php, line 65
Cake\Error\Middleware\ErrorHandlerMiddleware::__invoke() - CORE/src/Error/Middleware/ErrorHandlerMiddleware.php, line 96
Cake\Http\Runner::__invoke() - CORE/src/Http/Runner.php, line 65
Cake\Http\Runner::run() - CORE/src/Http/Runner.php, line 51
Cake\Http\Server::run() - CORE/src/Http/Server.php, line 97
[main] - ROOT/webroot/index.php, line 40



2019-10-26 17:38:34 Warning: Warning (512): _cake_model_ cache was unable to write 'default_users' to Cake\Cache\SimpleCacheEngine cache in [/home/ya/js/gh/cake/vendor/cakephp/cakephp/src/Cache/Cache.php, line 306]
Request URL: /bookmarks
Client IP: 127.0.0.1
Trace:
Cake\Error\BaseErrorHandler::handleError() - CORE/src/Error/BaseErrorHandler.php, line 158
Cake\Core\BasePlugin::{closure}() - ROOT/vendor/cakephp/debug_kit/config/bootstrap.php, line 42
Cake\Cache\Cache::write() - CORE/src/Cache/Cache.php, line 306
Cake\Database\Schema\CachedCollection::describe() - CORE/src/Database/Schema/CachedCollection.php, line 65
Cake\ORM\Table::getSchema() - CORE/src/ORM/Table.php, line 559
Cake\ORM\Query::addDefaultTypes() - CORE/src/ORM/Query.php, line 269
Cake\ORM\Query::_addAssociationsToTypeMap() - CORE/src/ORM/Query.php, line 524
Cake\ORM\Query::contain() - CORE/src/ORM/Query.php, line 477
Cake\ORM\Query::applyOptions() - CORE/src/ORM/Query.php, line 838
Cake\ORM\Table::callFinder() - CORE/src/ORM/Table.php, line 2424
Cake\ORM\Table::find() - CORE/src/ORM/Table.php, line 1364
Cake\Datasource\Paginator::paginate() - CORE/src/Datasource/Paginator.php, line 180
Cake\Controller\Component\PaginatorComponent::paginate() - CORE/src/Controller/Component/PaginatorComponent.php, line 200
Cake\Controller\Controller::paginate() - CORE/src/Controller/Controller.php, line 890
App\Controller\BookmarksController::index() - APP/Controller/BookmarksController.php, line 25
Cake\Controller\Controller::invokeAction() - CORE/src/Controller/Controller.php, line 609
Cake\Http\ActionDispatcher::_invoke() - CORE/src/Http/ActionDispatcher.php, line 120
Cake\Http\ActionDispatcher::dispatch() - CORE/src/Http/ActionDispatcher.php, line 94
Cake\Http\BaseApplication::__invoke() - CORE/src/Http/BaseApplication.php, line 234
Cake\Http\Runner::__invoke() - CORE/src/Http/Runner.php, line 65
Cake\Http\Runner::__invoke() - CORE/src/Http/Runner.php, line 65
Cake\Http\Middleware\CsrfProtectionMiddleware::__invoke() - CORE/src/Http/Middleware/CsrfProtectionMiddleware.php, line 123
Cake\Http\Runner::__invoke() - CORE/src/Http/Runner.php, line 65
Cake\Http\Runner::run() - CORE/src/Http/Runner.php, line 51
Cake\Routing\Middleware\RoutingMiddleware::__invoke() - CORE/src/Routing/Middleware/RoutingMiddleware.php, line 168
Cake\Http\Runner::__invoke() - CORE/src/Http/Runner.php, line 65
Cake\Routing\Middleware\AssetMiddleware::__invoke() - CORE/src/Routing/Middleware/AssetMiddleware.php, line 88
Cake\Http\Runner::__invoke() - CORE/src/Http/Runner.php, line 65
Cake\Error\Middleware\ErrorHandlerMiddleware::__invoke() - CORE/src/Error/Middleware/ErrorHandlerMiddleware.php, line 96
Cake\Http\Runner::__invoke() - CORE/src/Http/Runner.php, line 65
Cake\Http\Runner::run() - CORE/src/Http/Runner.php, line 51
Cake\Http\Server::run() - CORE/src/Http/Server.php, line 97
[main] - ROOT/webroot/index.php, line 40



2019-10-26 17:38:34 Warning: Warning (512): /home/ya/js/gh/cake/tmp/cache/persistent/ is not writable in [/home/ya/js/gh/cake/vendor/cakephp/cakephp/src/Cache/Engine/FileEngine.php, line 445]
Request URL: /bookmarks
Client IP: 127.0.0.1
Trace:
Cake\Error\BaseErrorHandler::handleError() - CORE/src/Error/BaseErrorHandler.php, line 158
Cake\Core\BasePlugin::{closure}() - ROOT/vendor/cakephp/debug_kit/config/bootstrap.php, line 42
Cake\Cache\Engine\FileEngine::_active() - CORE/src/Cache/Engine/FileEngine.php, line 445
Cake\Cache\Engine\FileEngine::init() - CORE/src/Cache/Engine/FileEngine.php, line 105
Cake\Cache\CacheRegistry::_create() - CORE/src/Cache/CacheRegistry.php, line 89
Cake\Core\ObjectRegistry::load() - CORE/src/Core/ObjectRegistry.php, line 96
Cake\Cache\Cache::_buildEngine() - CORE/src/Cache/Cache.php, line 174
Cake\Cache\Cache::engine() - CORE/src/Cache/Cache.php, line 236
Cake\I18n\I18n::translators() - CORE/src/I18n/I18n.php, line 78
Cake\I18n\I18n::getTranslator() - CORE/src/I18n/I18n.php, line 202
__ - CORE/src/I18n/functions.php, line 35
include - APP/Template/Bookmarks/index.ctp, line 9
Cake\View\View::_evaluate() - CORE/src/View/View.php, line 1418
Cake\View\View::_render() - CORE/src/View/View.php, line 1379
Cake\View\View::render() - CORE/src/View/View.php, line 879
Cake\Controller\Controller::render() - CORE/src/Controller/Controller.php, line 795
Cake\Http\ActionDispatcher::_invoke() - CORE/src/Http/ActionDispatcher.php, line 126
Cake\Http\ActionDispatcher::dispatch() - CORE/src/Http/ActionDispatcher.php, line 94
Cake\Http\BaseApplication::__invoke() - CORE/src/Http/BaseApplication.php, line 234
Cake\Http\Runner::__invoke() - CORE/src/Http/Runner.php, line 65
Cake\Http\Runner::__invoke() - CORE/src/Http/Runner.php, line 65
Cake\Http\Middleware\CsrfProtectionMiddleware::__invoke() - CORE/src/Http/Middleware/CsrfProtectionMiddleware.php, line 123
Cake\Http\Runner::__invoke() - CORE/src/Http/Runner.php, line 65
Cake\Http\Runner::run() - CORE/src/Http/Runner.php, line 51
Cake\Routing\Middleware\RoutingMiddleware::__invoke() - CORE/src/Routing/Middleware/RoutingMiddleware.php, line 168
Cake\Http\Runner::__invoke() - CORE/src/Http/Runner.php, line 65
Cake\Routing\Middleware\AssetMiddleware::__invoke() - CORE/src/Routing/Middleware/AssetMiddleware.php, line 88
Cake\Http\Runner::__invoke() - CORE/src/Http/Runner.php, line 65
Cake\Error\Middleware\ErrorHandlerMiddleware::__invoke() - CORE/src/Error/Middleware/ErrorHandlerMiddleware.php, line 96
Cake\Http\Runner::__invoke() - CORE/src/Http/Runner.php, line 65
Cake\Http\Runner::run() - CORE/src/Http/Runner.php, line 51
Cake\Http\Server::run() - CORE/src/Http/Server.php, line 97
[main] - ROOT/webroot/index.php, line 40



2019-10-26 17:38:34 Warning: Warning (512): Unable to emit headers. Headers sent in file=/home/ya/js/gh/cake/vendor/cakephp/cakephp/src/Error/Debugger.php line=856 in [/home/ya/js/gh/cake/vendor/cakephp/cakephp/src/Http/ResponseEmitter.php, line 51]
Request URL: /bookmarks
Client IP: 127.0.0.1
Trace:
Cake\Error\BaseErrorHandler::handleError() - CORE/src/Error/BaseErrorHandler.php, line 158
Cake\Core\BasePlugin::{closure}() - ROOT/vendor/cakephp/debug_kit/config/bootstrap.php, line 42
Cake\Http\ResponseEmitter::emit() - CORE/src/Http/ResponseEmitter.php, line 51
Cake\Http\Server::emit() - CORE/src/Http/Server.php, line 140
[main] - ROOT/webroot/index.php, line 40



2019-10-26 17:38:34 Warning: Warning (2): Cannot modify header information - headers already sent by (output started at /home/ya/js/gh/cake/vendor/cakephp/cakephp/src/Error/Debugger.php:856) in [/home/ya/js/gh/cake/vendor/cakephp/cakephp/src/Http/ResponseEmitter.php, line 152]
Request URL: /bookmarks
Client IP: 127.0.0.1
Trace:
Cake\Error\BaseErrorHandler::handleError() - CORE/src/Error/BaseErrorHandler.php, line 158
Cake\Core\BasePlugin::{closure}() - ROOT/vendor/cakephp/debug_kit/config/bootstrap.php, line 42
header - [internal], line ??
Cake\Http\ResponseEmitter::emitStatusLine() - CORE/src/Http/ResponseEmitter.php, line 152
Cake\Http\ResponseEmitter::emit() - CORE/src/Http/ResponseEmitter.php, line 57
Cake\Http\Server::emit() - CORE/src/Http/Server.php, line 140
[main] - ROOT/webroot/index.php, line 40



2019-10-26 17:38:34 Warning: Warning (2): Cannot modify header information - headers already sent by (output started at /home/ya/js/gh/cake/vendor/cakephp/cakephp/src/Error/Debugger.php:856) in [/home/ya/js/gh/cake/vendor/cakephp/cakephp/src/Http/ResponseEmitter.php, line 185]
Request URL: /bookmarks
Client IP: 127.0.0.1
Trace:
Cake\Error\BaseErrorHandler::handleError() - CORE/src/Error/BaseErrorHandler.php, line 158
Cake\Core\BasePlugin::{closure}() - ROOT/vendor/cakephp/debug_kit/config/bootstrap.php, line 42
header - [internal], line ??
Cake\Http\ResponseEmitter::emitHeaders() - CORE/src/Http/ResponseEmitter.php, line 185
Cake\Http\ResponseEmitter::emit() - CORE/src/Http/ResponseEmitter.php, line 58
Cake\Http\Server::emit() - CORE/src/Http/Server.php, line 140
[main] - ROOT/webroot/index.php, line 40



2019-10-26 17:41:05 Warning: DebugKit not enabled. You need to either install pdo_sqlite, or define the "debug_kit" connection name.
2019-10-26 17:41:05 Warning: Warning (512): /home/ya/js/gh/cake/tmp/cache/models/ is not writable in [/home/ya/js/gh/cake/vendor/cakephp/cakephp/src/Cache/Engine/FileEngine.php, line 445]
Request URL: /bookmarks
Client IP: 127.0.0.1
Trace:
Cake\Error\BaseErrorHandler::handleError() - CORE/src/Error/BaseErrorHandler.php, line 158
Cake\Core\BasePlugin::{closure}() - ROOT/vendor/cakephp/debug_kit/config/bootstrap.php, line 42
Cake\Cache\Engine\FileEngine::_active() - CORE/src/Cache/Engine/FileEngine.php, line 445
Cake\Cache\Engine\FileEngine::init() - CORE/src/Cache/Engine/FileEngine.php, line 105
Cake\Cache\CacheRegistry::_create() - CORE/src/Cache/CacheRegistry.php, line 89
Cake\Core\ObjectRegistry::load() - CORE/src/Core/ObjectRegistry.php, line 96
Cake\Cache\Cache::_buildEngine() - CORE/src/Cache/Cache.php, line 174
Cake\Cache\Cache::engine() - CORE/src/Cache/Cache.php, line 236
Cake\Cache\Cache::read() - CORE/src/Cache/Cache.php, line 378
Cake\Database\Schema\CachedCollection::describe() - CORE/src/Database/Schema/CachedCollection.php, line 56
Cake\ORM\Table::getSchema() - CORE/src/ORM/Table.php, line 559
Cake\ORM\Query::addDefaultTypes() - CORE/src/ORM/Query.php, line 269
Cake\ORM\Query::__construct() - CORE/src/ORM/Query.php, line 167
Cake\ORM\Table::query() - CORE/src/ORM/Table.php, line 1777
Cake\ORM\Table::find() - CORE/src/ORM/Table.php, line 1361
Cake\Datasource\Paginator::paginate() - CORE/src/Datasource/Paginator.php, line 180
Cake\Controller\Component\PaginatorComponent::paginate() - CORE/src/Controller/Component/PaginatorComponent.php, line 200
Cake\Controller\Controller::paginate() - CORE/src/Controller/Controller.php, line 890
App\Controller\BookmarksController::index() - APP/Controller/BookmarksController.php, line 25
Cake\Controller\Controller::invokeAction() - CORE/src/Controller/Controller.php, line 609
Cake\Http\ActionDispatcher::_invoke() - CORE/src/Http/ActionDispatcher.php, line 120
Cake\Http\ActionDispatcher::dispatch() - CORE/src/Http/ActionDispatcher.php, line 94
Cake\Http\BaseApplication::__invoke() - CORE/src/Http/BaseApplication.php, line 234
Cake\Http\Runner::__invoke() - CORE/src/Http/Runner.php, line 65
Cake\Http\Runner::__invoke() - CORE/src/Http/Runner.php, line 65
Cake\Http\Middleware\CsrfProtectionMiddleware::__invoke() - CORE/src/Http/Middleware/CsrfProtectionMiddleware.php, line 123
Cake\Http\Runner::__invoke() - CORE/src/Http/Runner.php, line 65
Cake\Http\Runner::run() - CORE/src/Http/Runner.php, line 51
Cake\Routing\Middleware\RoutingMiddleware::__invoke() - CORE/src/Routing/Middleware/RoutingMiddleware.php, line 168
Cake\Http\Runner::__invoke() - CORE/src/Http/Runner.php, line 65
Cake\Routing\Middleware\AssetMiddleware::__invoke() - CORE/src/Routing/Middleware/AssetMiddleware.php, line 88
Cake\Http\Runner::__invoke() - CORE/src/Http/Runner.php, line 65
Cake\Error\Middleware\ErrorHandlerMiddleware::__invoke() - CORE/src/Error/Middleware/ErrorHandlerMiddleware.php, line 96
Cake\Http\Runner::__invoke() - CORE/src/Http/Runner.php, line 65
Cake\Http\Runner::run() - CORE/src/Http/Runner.php, line 51
Cake\Http\Server::run() - CORE/src/Http/Server.php, line 97
[main] - ROOT/webroot/index.php, line 40



2019-10-26 17:41:05 Warning: Warning (512): _cake_model_ cache was unable to write 'default_bookmarks' to Cake\Cache\SimpleCacheEngine cache in [/home/ya/js/gh/cake/vendor/cakephp/cakephp/src/Cache/Cache.php, line 306]
Request URL: /bookmarks
Client IP: 127.0.0.1
Trace:
Cake\Error\BaseErrorHandler::handleError() - CORE/src/Error/BaseErrorHandler.php, line 158
Cake\Core\BasePlugin::{closure}() - ROOT/vendor/cakephp/debug_kit/config/bootstrap.php, line 42
Cake\Cache\Cache::write() - CORE/src/Cache/Cache.php, line 306
Cake\Database\Schema\CachedCollection::describe() - CORE/src/Database/Schema/CachedCollection.php, line 65
Cake\ORM\Table::getSchema() - CORE/src/ORM/Table.php, line 559
Cake\ORM\Query::addDefaultTypes() - CORE/src/ORM/Query.php, line 269
Cake\ORM\Query::__construct() - CORE/src/ORM/Query.php, line 167
Cake\ORM\Table::query() - CORE/src/ORM/Table.php, line 1777
Cake\ORM\Table::find() - CORE/src/ORM/Table.php, line 1361
Cake\Datasource\Paginator::paginate() - CORE/src/Datasource/Paginator.php, line 180
Cake\Controller\Component\PaginatorComponent::paginate() - CORE/src/Controller/Component/PaginatorComponent.php, line 200
Cake\Controller\Controller::paginate() - CORE/src/Controller/Controller.php, line 890
App\Controller\BookmarksController::index() - APP/Controller/BookmarksController.php, line 25
Cake\Controller\Controller::invokeAction() - CORE/src/Controller/Controller.php, line 609
Cake\Http\ActionDispatcher::_invoke() - CORE/src/Http/ActionDispatcher.php, line 120
Cake\Http\ActionDispatcher::dispatch() - CORE/src/Http/ActionDispatcher.php, line 94
Cake\Http\BaseApplication::__invoke() - CORE/src/Http/BaseApplication.php, line 234
Cake\Http\Runner::__invoke() - CORE/src/Http/Runner.php, line 65
Cake\Http\Runner::__invoke() - CORE/src/Http/Runner.php, line 65
Cake\Http\Middleware\CsrfProtectionMiddleware::__invoke() - CORE/src/Http/Middleware/CsrfProtectionMiddleware.php, line 123
Cake\Http\Runner::__invoke() - CORE/src/Http/Runner.php, line 65
Cake\Http\Runner::run() - CORE/src/Http/Runner.php, line 51
Cake\Routing\Middleware\RoutingMiddleware::__invoke() - CORE/src/Routing/Middleware/RoutingMiddleware.php, line 168
Cake\Http\Runner::__invoke() - CORE/src/Http/Runner.php, line 65
Cake\Routing\Middleware\AssetMiddleware::__invoke() - CORE/src/Routing/Middleware/AssetMiddleware.php, line 88
Cake\Http\Runner::__invoke() - CORE/src/Http/Runner.php, line 65
Cake\Error\Middleware\ErrorHandlerMiddleware::__invoke() - CORE/src/Error/Middleware/ErrorHandlerMiddleware.php, line 96
Cake\Http\Runner::__invoke() - CORE/src/Http/Runner.php, line 65
Cake\Http\Runner::run() - CORE/src/Http/Runner.php, line 51
Cake\Http\Server::run() - CORE/src/Http/Server.php, line 97
[main] - ROOT/webroot/index.php, line 40



2019-10-26 17:41:05 Warning: Warning (512): _cake_model_ cache was unable to write 'default_users' to Cake\Cache\SimpleCacheEngine cache in [/home/ya/js/gh/cake/vendor/cakephp/cakephp/src/Cache/Cache.php, line 306]
Request URL: /bookmarks
Client IP: 127.0.0.1
Trace:
Cake\Error\BaseErrorHandler::handleError() - CORE/src/Error/BaseErrorHandler.php, line 158
Cake\Core\BasePlugin::{closure}() - ROOT/vendor/cakephp/debug_kit/config/bootstrap.php, line 42
Cake\Cache\Cache::write() - CORE/src/Cache/Cache.php, line 306
Cake\Database\Schema\CachedCollection::describe() - CORE/src/Database/Schema/CachedCollection.php, line 65
Cake\ORM\Table::getSchema() - CORE/src/ORM/Table.php, line 559
Cake\ORM\Query::addDefaultTypes() - CORE/src/ORM/Query.php, line 269
Cake\ORM\Query::_addAssociationsToTypeMap() - CORE/src/ORM/Query.php, line 524
Cake\ORM\Query::contain() - CORE/src/ORM/Query.php, line 477
Cake\ORM\Query::applyOptions() - CORE/src/ORM/Query.php, line 838
Cake\ORM\Table::callFinder() - CORE/src/ORM/Table.php, line 2424
Cake\ORM\Table::find() - CORE/src/ORM/Table.php, line 1364
Cake\Datasource\Paginator::paginate() - CORE/src/Datasource/Paginator.php, line 180
Cake\Controller\Component\PaginatorComponent::paginate() - CORE/src/Controller/Component/PaginatorComponent.php, line 200
Cake\Controller\Controller::paginate() - CORE/src/Controller/Controller.php, line 890
App\Controller\BookmarksController::index() - APP/Controller/BookmarksController.php, line 25
Cake\Controller\Controller::invokeAction() - CORE/src/Controller/Controller.php, line 609
Cake\Http\ActionDispatcher::_invoke() - CORE/src/Http/ActionDispatcher.php, line 120
Cake\Http\ActionDispatcher::dispatch() - CORE/src/Http/ActionDispatcher.php, line 94
Cake\Http\BaseApplication::__invoke() - CORE/src/Http/BaseApplication.php, line 234
Cake\Http\Runner::__invoke() - CORE/src/Http/Runner.php, line 65
Cake\Http\Runner::__invoke() - CORE/src/Http/Runner.php, line 65
Cake\Http\Middleware\CsrfProtectionMiddleware::__invoke() - CORE/src/Http/Middleware/CsrfProtectionMiddleware.php, line 123
Cake\Http\Runner::__invoke() - CORE/src/Http/Runner.php, line 65
Cake\Http\Runner::run() - CORE/src/Http/Runner.php, line 51
Cake\Routing\Middleware\RoutingMiddleware::__invoke() - CORE/src/Routing/Middleware/RoutingMiddleware.php, line 168
Cake\Http\Runner::__invoke() - CORE/src/Http/Runner.php, line 65
Cake\Routing\Middleware\AssetMiddleware::__invoke() - CORE/src/Routing/Middleware/AssetMiddleware.php, line 88
Cake\Http\Runner::__invoke() - CORE/src/Http/Runner.php, line 65
Cake\Error\Middleware\ErrorHandlerMiddleware::__invoke() - CORE/src/Error/Middleware/ErrorHandlerMiddleware.php, line 96
Cake\Http\Runner::__invoke() - CORE/src/Http/Runner.php, line 65
Cake\Http\Runner::run() - CORE/src/Http/Runner.php, line 51
Cake\Http\Server::run() - CORE/src/Http/Server.php, line 97
[main] - ROOT/webroot/index.php, line 40



2019-10-26 17:41:05 Warning: Warning (512): /home/ya/js/gh/cake/tmp/cache/persistent/ is not writable in [/home/ya/js/gh/cake/vendor/cakephp/cakephp/src/Cache/Engine/FileEngine.php, line 445]
Request URL: /bookmarks
Client IP: 127.0.0.1
Trace:
Cake\Error\BaseErrorHandler::handleError() - CORE/src/Error/BaseErrorHandler.php, line 158
Cake\Core\BasePlugin::{closure}() - ROOT/vendor/cakephp/debug_kit/config/bootstrap.php, line 42
Cake\Cache\Engine\FileEngine::_active() - CORE/src/Cache/Engine/FileEngine.php, line 445
Cake\Cache\Engine\FileEngine::init() - CORE/src/Cache/Engine/FileEngine.php, line 105
Cake\Cache\CacheRegistry::_create() - CORE/src/Cache/CacheRegistry.php, line 89
Cake\Core\ObjectRegistry::load() - CORE/src/Core/ObjectRegistry.php, line 96
Cake\Cache\Cache::_buildEngine() - CORE/src/Cache/Cache.php, line 174
Cake\Cache\Cache::engine() - CORE/src/Cache/Cache.php, line 236
Cake\I18n\I18n::translators() - CORE/src/I18n/I18n.php, line 78
Cake\I18n\I18n::getTranslator() - CORE/src/I18n/I18n.php, line 202
__ - CORE/src/I18n/functions.php, line 35
include - APP/Template/Bookmarks/index.ctp, line 9
Cake\View\View::_evaluate() - CORE/src/View/View.php, line 1418
Cake\View\View::_render() - CORE/src/View/View.php, line 1379
Cake\View\View::render() - CORE/src/View/View.php, line 879
Cake\Controller\Controller::render() - CORE/src/Controller/Controller.php, line 795
Cake\Http\ActionDispatcher::_invoke() - CORE/src/Http/ActionDispatcher.php, line 126
Cake\Http\ActionDispatcher::dispatch() - CORE/src/Http/ActionDispatcher.php, line 94
Cake\Http\BaseApplication::__invoke() - CORE/src/Http/BaseApplication.php, line 234
Cake\Http\Runner::__invoke() - CORE/src/Http/Runner.php, line 65
Cake\Http\Runner::__invoke() - CORE/src/Http/Runner.php, line 65
Cake\Http\Middleware\CsrfProtectionMiddleware::__invoke() - CORE/src/Http/Middleware/CsrfProtectionMiddleware.php, line 123
Cake\Http\Runner::__invoke() - CORE/src/Http/Runner.php, line 65
Cake\Http\Runner::run() - CORE/src/Http/Runner.php, line 51
Cake\Routing\Middleware\RoutingMiddleware::__invoke() - CORE/src/Routing/Middleware/RoutingMiddleware.php, line 168
Cake\Http\Runner::__invoke() - CORE/src/Http/Runner.php, line 65
Cake\Routing\Middleware\AssetMiddleware::__invoke() - CORE/src/Routing/Middleware/AssetMiddleware.php, line 88
Cake\Http\Runner::__invoke() - CORE/src/Http/Runner.php, line 65
Cake\Error\Middleware\ErrorHandlerMiddleware::__invoke() - CORE/src/Error/Middleware/ErrorHandlerMiddleware.php, line 96
Cake\Http\Runner::__invoke() - CORE/src/Http/Runner.php, line 65
Cake\Http\Runner::run() - CORE/src/Http/Runner.php, line 51
Cake\Http\Server::run() - CORE/src/Http/Server.php, line 97
[main] - ROOT/webroot/index.php, line 40



2019-10-26 17:41:05 Warning: Warning (512): Unable to emit headers. Headers sent in file=/home/ya/js/gh/cake/vendor/cakephp/cakephp/src/Error/Debugger.php line=856 in [/home/ya/js/gh/cake/vendor/cakephp/cakephp/src/Http/ResponseEmitter.php, line 51]
Request URL: /bookmarks
Client IP: 127.0.0.1
Trace:
Cake\Error\BaseErrorHandler::handleError() - CORE/src/Error/BaseErrorHandler.php, line 158
Cake\Core\BasePlugin::{closure}() - ROOT/vendor/cakephp/debug_kit/config/bootstrap.php, line 42
Cake\Http\ResponseEmitter::emit() - CORE/src/Http/ResponseEmitter.php, line 51
Cake\Http\Server::emit() - CORE/src/Http/Server.php, line 140
[main] - ROOT/webroot/index.php, line 40



2019-10-26 17:41:05 Warning: Warning (2): Cannot modify header information - headers already sent by (output started at /home/ya/js/gh/cake/vendor/cakephp/cakephp/src/Error/Debugger.php:856) in [/home/ya/js/gh/cake/vendor/cakephp/cakephp/src/Http/ResponseEmitter.php, line 152]
Request URL: /bookmarks
Client IP: 127.0.0.1
Trace:
Cake\Error\BaseErrorHandler::handleError() - CORE/src/Error/BaseErrorHandler.php, line 158
Cake\Core\BasePlugin::{closure}() - ROOT/vendor/cakephp/debug_kit/config/bootstrap.php, line 42
header - [internal], line ??
Cake\Http\ResponseEmitter::emitStatusLine() - CORE/src/Http/ResponseEmitter.php, line 152
Cake\Http\ResponseEmitter::emit() - CORE/src/Http/ResponseEmitter.php, line 57
Cake\Http\Server::emit() - CORE/src/Http/Server.php, line 140
[main] - ROOT/webroot/index.php, line 40



2019-10-26 17:41:05 Warning: Warning (2): Cannot modify header information - headers already sent by (output started at /home/ya/js/gh/cake/vendor/cakephp/cakephp/src/Error/Debugger.php:856) in [/home/ya/js/gh/cake/vendor/cakephp/cakephp/src/Http/ResponseEmitter.php, line 185]
Request URL: /bookmarks
Client IP: 127.0.0.1
Trace:
Cake\Error\BaseErrorHandler::handleError() - CORE/src/Error/BaseErrorHandler.php, line 158
Cake\Core\BasePlugin::{closure}() - ROOT/vendor/cakephp/debug_kit/config/bootstrap.php, line 42
header - [internal], line ??
Cake\Http\ResponseEmitter::emitHeaders() - CORE/src/Http/ResponseEmitter.php, line 185
Cake\Http\ResponseEmitter::emit() - CORE/src/Http/ResponseEmitter.php, line 58
Cake\Http\Server::emit() - CORE/src/Http/Server.php, line 140
[main] - ROOT/webroot/index.php, line 40



2019-10-26 17:51:27 Warning: DebugKit not enabled. You need to either install pdo_sqlite, or define the "debug_kit" connection name.
2019-10-26 17:56:59 Warning: DebugKit not enabled. You need to either install pdo_sqlite, or define the "debug_kit" connection name.
2019-10-26 17:57:03 Warning: DebugKit not enabled. You need to either install pdo_sqlite, or define the "debug_kit" connection name.
2019-10-26 17:57:06 Warning: DebugKit not enabled. You need to either install pdo_sqlite, or define the "debug_kit" connection name.
2019-10-26 17:57:44 Warning: DebugKit not enabled. You need to either install pdo_sqlite, or define the "debug_kit" connection name.
2019-10-26 17:58:25 Warning: DebugKit not enabled. You need to either install pdo_sqlite, or define the "debug_kit" connection name.
2019-10-26 17:58:46 Warning: DebugKit not enabled. You need to either install pdo_sqlite, or define the "debug_kit" connection name.
2019-10-26 17:58:53 Warning: DebugKit not enabled. You need to either install pdo_sqlite, or define the "debug_kit" connection name.
2019-10-26 18:01:42 Warning: DebugKit not enabled. You need to either install pdo_sqlite, or define the "debug_kit" connection name.
2019-10-27 15:00:06 Warning: DebugKit not enabled. You need to either install pdo_sqlite, or define the "debug_kit" connection name.
2019-10-27 15:00:19 Warning: DebugKit not enabled. You need to either install pdo_sqlite, or define the "debug_kit" connection name.
2019-10-27 15:00:23 Warning: DebugKit not enabled. You need to either install pdo_sqlite, or define the "debug_kit" connection name.
2019-10-27 15:01:10 Warning: DebugKit not enabled. You need to either install pdo_sqlite, or define the "debug_kit" connection name.
2019-10-27 15:01:10 Warning: DebugKit not enabled. You need to either install pdo_sqlite, or define the "debug_kit" connection name.
2019-10-27 15:01:30 Warning: DebugKit not enabled. You need to either install pdo_sqlite, or define the "debug_kit" connection name.
2019-10-27 15:01:50 Warning: DebugKit not enabled. You need to either install pdo_sqlite, or define the "debug_kit" connection name.
2019-10-27 15:01:53 Warning: DebugKit not enabled. You need to either install pdo_sqlite, or define the "debug_kit" connection name.
2019-10-27 15:02:00 Warning: DebugKit not enabled. You need to either install pdo_sqlite, or define the "debug_kit" connection name.
2019-10-27 15:02:03 Warning: DebugKit not enabled. You need to either install pdo_sqlite, or define the "debug_kit" connection name.
2019-10-27 15:02:32 Warning: DebugKit not enabled. You need to either install pdo_sqlite, or define the "debug_kit" connection name.
2019-10-27 15:02:32 Warning: DebugKit not enabled. You need to either install pdo_sqlite, or define the "debug_kit" connection name.
2019-10-27 15:02:43 Warning: DebugKit not enabled. You need to either install pdo_sqlite, or define the "debug_kit" connection name.
2019-10-27 15:16:20 Warning: DebugKit not enabled. You need to either install pdo_sqlite, or define the "debug_kit" connection name.
2019-10-27 15:16:26 Warning: DebugKit not enabled. You need to either install pdo_sqlite, or define the "debug_kit" connection name.
2019-10-27 15:16:36 Warning: DebugKit not enabled. You need to either install pdo_sqlite, or define the "debug_kit" connection name.
2019-10-27 15:16:39 Warning: DebugKit not enabled. You need to either install pdo_sqlite, or define the "debug_kit" connection name.
2019-10-27 15:16:39 Warning: DebugKit not enabled. You need to either install pdo_sqlite, or define the "debug_kit" connection name.
2019-10-27 15:16:46 Warning: DebugKit not enabled. You need to either install pdo_sqlite, or define the "debug_kit" connection name.
2019-10-27 15:17:16 Warning: DebugKit not enabled. You need to either install pdo_sqlite, or define the "debug_kit" connection name.
2019-10-27 15:17:22 Warning: DebugKit not enabled. You need to either install pdo_sqlite, or define the "debug_kit" connection name.
2019-10-27 15:17:33 Warning: DebugKit not enabled. You need to either install pdo_sqlite, or define the "debug_kit" connection name.
2019-10-27 15:17:33 Warning: DebugKit not enabled. You need to either install pdo_sqlite, or define the "debug_kit" connection name.
2019-10-27 15:18:01 Warning: DebugKit not enabled. You need to either install pdo_sqlite, or define the "debug_kit" connection name.
2019-10-27 15:18:21 Warning: DebugKit not enabled. You need to either install pdo_sqlite, or define the "debug_kit" connection name.
2019-10-27 15:18:35 Warning: DebugKit not enabled. You need to either install pdo_sqlite, or define the "debug_kit" connection name.
2019-10-27 15:18:35 Warning: DebugKit not enabled. You need to either install pdo_sqlite, or define the "debug_kit" connection name.
2019-10-27 15:18:46 Warning: DebugKit not enabled. You need to either install pdo_sqlite, or define the "debug_kit" connection name.
2019-10-27 15:18:52 Warning: DebugKit not enabled. You need to either install pdo_sqlite, or define the "debug_kit" connection name.
2019-10-27 15:18:52 Warning: DebugKit not enabled. You need to either install pdo_sqlite, or define the "debug_kit" connection name.
2019-10-27 15:30:39 Warning: DebugKit not enabled. You need to either install pdo_sqlite, or define the "debug_kit" connection name.
2019-10-27 15:31:04 Warning: DebugKit not enabled. You need to either install pdo_sqlite, or define the "debug_kit" connection name.
2019-10-27 15:31:04 Error: [Cake\Controller\Exception\MissingActionException] Action BookmarksController::tags() could not be found, or is not accessible. (/home/ya/js/gh/cake/vendor/cakephp/cakephp/src/Controller/Controller.php:599)
Exception Attributes: array (
  'controller' => 'BookmarksController',
  'action' => 'tags',
  'prefix' => '',
  'plugin' => false,
)
#0 /home/ya/js/gh/cake/vendor/cakephp/cakephp/src/Http/ActionDispatcher.php(120): Cake\Controller\Controller->invokeAction()
#1 /home/ya/js/gh/cake/vendor/cakephp/cakephp/src/Http/ActionDispatcher.php(94): Cake\Http\ActionDispatcher->_invoke(Object(App\Controller\BookmarksController))
#2 /home/ya/js/gh/cake/vendor/cakephp/cakephp/src/Http/BaseApplication.php(234): Cake\Http\ActionDispatcher->dispatch(Object(Cake\Http\ServerRequest), Object(Cake\Http\Response))
#3 /home/ya/js/gh/cake/vendor/cakephp/cakephp/src/Http/Runner.php(65): Cake\Http\BaseApplication->__invoke(Object(Cake\Http\ServerRequest), Object(Cake\Http\Response), Object(Cake\Http\Runner))
#4 /home/ya/js/gh/cake/vendor/cakephp/cakephp/src/Routing/Middleware/RoutingMiddleware.php(162): Cake\Http\Runner->__invoke(Object(Cake\Http\ServerRequest), Object(Cake\Http\Response))
#5 /home/ya/js/gh/cake/vendor/cakephp/cakephp/src/Http/Runner.php(65): Cake\Routing\Middleware\RoutingMiddleware->__invoke(Object(Cake\Http\ServerRequest), Object(Cake\Http\Response), Object(Cake\Http\Runner))
#6 /home/ya/js/gh/cake/vendor/cakephp/cakephp/src/Routing/Middleware/AssetMiddleware.php(88): Cake\Http\Runner->__invoke(Object(Cake\Http\ServerRequest), Object(Cake\Http\Response))
#7 /home/ya/js/gh/cake/vendor/cakephp/cakephp/src/Http/Runner.php(65): Cake\Routing\Middleware\AssetMiddleware->__invoke(Object(Cake\Http\ServerRequest), Object(Cake\Http\Response), Object(Cake\Http\Runner))
#8 /home/ya/js/gh/cake/vendor/cakephp/cakephp/src/Error/Middleware/ErrorHandlerMiddleware.php(96): Cake\Http\Runner->__invoke(Object(Cake\Http\ServerRequest), Object(Cake\Http\Response))
#9 /home/ya/js/gh/cake/vendor/cakephp/cakephp/src/Http/Runner.php(65): Cake\Error\Middleware\ErrorHandlerMiddleware->__invoke(Object(Cake\Http\ServerRequest), Object(Cake\Http\Response), Object(Cake\Http\Runner))
#10 /home/ya/js/gh/cake/vendor/cakephp/cakephp/src/Http/Runner.php(51): Cake\Http\Runner->__invoke(Object(Cake\Http\ServerRequest), Object(Cake\Http\Response))
#11 /home/ya/js/gh/cake/vendor/cakephp/cakephp/src/Http/Server.php(97): Cake\Http\Runner->run(Object(Cake\Http\MiddlewareQueue), Object(Cake\Http\ServerRequest), Object(Cake\Http\Response))
#12 /home/ya/js/gh/cake/webroot/index.php(40): Cake\Http\Server->run()
#13 {main}
Request URL: /bookmarks/tagged


2019-10-27 15:38:07 Warning: DebugKit not enabled. You need to either install pdo_sqlite, or define the "debug_kit" connection name.
2019-10-27 15:38:08 Error: [BadMethodCallException] Unknown finder method "tagged" (/home/ya/js/gh/cake/vendor/cakephp/cakephp/src/ORM/Table.php:2435)
#0 /home/ya/js/gh/cake/vendor/cakephp/cakephp/src/ORM/Table.php(1364): Cake\ORM\Table->callFinder('tagged', Object(Cake\ORM\Query), Array)
#1 /home/ya/js/gh/cake/src/Controller/BookmarksController.php(124): Cake\ORM\Table->find('tagged', Array)
#2 /home/ya/js/gh/cake/vendor/cakephp/cakephp/src/Controller/Controller.php(609): App\Controller\BookmarksController->tags()
#3 /home/ya/js/gh/cake/vendor/cakephp/cakephp/src/Http/ActionDispatcher.php(120): Cake\Controller\Controller->invokeAction()
#4 /home/ya/js/gh/cake/vendor/cakephp/cakephp/src/Http/ActionDispatcher.php(94): Cake\Http\ActionDispatcher->_invoke(Object(App\Controller\BookmarksController))
#5 /home/ya/js/gh/cake/vendor/cakephp/cakephp/src/Http/BaseApplication.php(234): Cake\Http\ActionDispatcher->dispatch(Object(Cake\Http\ServerRequest), Object(Cake\Http\Response))
#6 /home/ya/js/gh/cake/vendor/cakephp/cakephp/src/Http/Runner.php(65): Cake\Http\BaseApplication->__invoke(Object(Cake\Http\ServerRequest), Object(Cake\Http\Response), Object(Cake\Http\Runner))
#7 /home/ya/js/gh/cake/vendor/cakephp/cakephp/src/Routing/Middleware/RoutingMiddleware.php(162): Cake\Http\Runner->__invoke(Object(Cake\Http\ServerRequest), Object(Cake\Http\Response))
#8 /home/ya/js/gh/cake/vendor/cakephp/cakephp/src/Http/Runner.php(65): Cake\Routing\Middleware\RoutingMiddleware->__invoke(Object(Cake\Http\ServerRequest), Object(Cake\Http\Response), Object(Cake\Http\Runner))
#9 /home/ya/js/gh/cake/vendor/cakephp/cakephp/src/Routing/Middleware/AssetMiddleware.php(88): Cake\Http\Runner->__invoke(Object(Cake\Http\ServerRequest), Object(Cake\Http\Response))
#10 /home/ya/js/gh/cake/vendor/cakephp/cakephp/src/Http/Runner.php(65): Cake\Routing\Middleware\AssetMiddleware->__invoke(Object(Cake\Http\ServerRequest), Object(Cake\Http\Response), Object(Cake\Http\Runner))
#11 /home/ya/js/gh/cake/vendor/cakephp/cakephp/src/Error/Middleware/ErrorHandlerMiddleware.php(96): Cake\Http\Runner->__invoke(Object(Cake\Http\ServerRequest), Object(Cake\Http\Response))
#12 /home/ya/js/gh/cake/vendor/cakephp/cakephp/src/Http/Runner.php(65): Cake\Error\Middleware\ErrorHandlerMiddleware->__invoke(Object(Cake\Http\ServerRequest), Object(Cake\Http\Response), Object(Cake\Http\Runner))
#13 /home/ya/js/gh/cake/vendor/cakephp/cakephp/src/Http/Runner.php(51): Cake\Http\Runner->__invoke(Object(Cake\Http\ServerRequest), Object(Cake\Http\Response))
#14 /home/ya/js/gh/cake/vendor/cakephp/cakephp/src/Http/Server.php(97): Cake\Http\Runner->run(Object(Cake\Http\MiddlewareQueue), Object(Cake\Http\ServerRequest), Object(Cake\Http\Response))
#15 /home/ya/js/gh/cake/webroot/index.php(40): Cake\Http\Server->run()
#16 {main}
Request URL: /bookmarks/tagged


2019-10-27 15:43:09 Warning: DebugKit not enabled. You need to either install pdo_sqlite, or define the "debug_kit" connection name.
2019-10-27 15:43:09 Error: [BadMethodCallException] Unknown finder method "tagged" (/home/ya/js/gh/cake/vendor/cakephp/cakephp/src/ORM/Table.php:2435)
#0 /home/ya/js/gh/cake/vendor/cakephp/cakephp/src/ORM/Table.php(1364): Cake\ORM\Table->callFinder('tagged', Object(Cake\ORM\Query), Array)
#1 /home/ya/js/gh/cake/src/Controller/BookmarksController.php(124): Cake\ORM\Table->find('tagged', Array)
#2 /home/ya/js/gh/cake/vendor/cakephp/cakephp/src/Controller/Controller.php(609): App\Controller\BookmarksController->tags()
#3 /home/ya/js/gh/cake/vendor/cakephp/cakephp/src/Http/ActionDispatcher.php(120): Cake\Controller\Controller->invokeAction()
#4 /home/ya/js/gh/cake/vendor/cakephp/cakephp/src/Http/ActionDispatcher.php(94): Cake\Http\ActionDispatcher->_invoke(Object(App\Controller\BookmarksController))
#5 /home/ya/js/gh/cake/vendor/cakephp/cakephp/src/Http/BaseApplication.php(234): Cake\Http\ActionDispatcher->dispatch(Object(Cake\Http\ServerRequest), Object(Cake\Http\Response))
#6 /home/ya/js/gh/cake/vendor/cakephp/cakephp/src/Http/Runner.php(65): Cake\Http\BaseApplication->__invoke(Object(Cake\Http\ServerRequest), Object(Cake\Http\Response), Object(Cake\Http\Runner))
#7 /home/ya/js/gh/cake/vendor/cakephp/cakephp/src/Routing/Middleware/RoutingMiddleware.php(162): Cake\Http\Runner->__invoke(Object(Cake\Http\ServerRequest), Object(Cake\Http\Response))
#8 /home/ya/js/gh/cake/vendor/cakephp/cakephp/src/Http/Runner.php(65): Cake\Routing\Middleware\RoutingMiddleware->__invoke(Object(Cake\Http\ServerRequest), Object(Cake\Http\Response), Object(Cake\Http\Runner))
#9 /home/ya/js/gh/cake/vendor/cakephp/cakephp/src/Routing/Middleware/AssetMiddleware.php(88): Cake\Http\Runner->__invoke(Object(Cake\Http\ServerRequest), Object(Cake\Http\Response))
#10 /home/ya/js/gh/cake/vendor/cakephp/cakephp/src/Http/Runner.php(65): Cake\Routing\Middleware\AssetMiddleware->__invoke(Object(Cake\Http\ServerRequest), Object(Cake\Http\Response), Object(Cake\Http\Runner))
#11 /home/ya/js/gh/cake/vendor/cakephp/cakephp/src/Error/Middleware/ErrorHandlerMiddleware.php(96): Cake\Http\Runner->__invoke(Object(Cake\Http\ServerRequest), Object(Cake\Http\Response))
#12 /home/ya/js/gh/cake/vendor/cakephp/cakephp/src/Http/Runner.php(65): Cake\Error\Middleware\ErrorHandlerMiddleware->__invoke(Object(Cake\Http\ServerRequest), Object(Cake\Http\Response), Object(Cake\Http\Runner))
#13 /home/ya/js/gh/cake/vendor/cakephp/cakephp/src/Http/Runner.php(51): Cake\Http\Runner->__invoke(Object(Cake\Http\ServerRequest), Object(Cake\Http\Response))
#14 /home/ya/js/gh/cake/vendor/cakephp/cakephp/src/Http/Server.php(97): Cake\Http\Runner->run(Object(Cake\Http\MiddlewareQueue), Object(Cake\Http\ServerRequest), Object(Cake\Http\Response))
#15 /home/ya/js/gh/cake/webroot/index.php(40): Cake\Http\Server->run()
#16 {main}
Request URL: /bookmarks/tagged


2019-10-27 15:44:57 Warning: DebugKit not enabled. You need to either install pdo_sqlite, or define the "debug_kit" connection name.
2019-10-27 15:44:57 Error: [Cake\View\Exception\MissingTemplateException] Template file "Bookmarks/tags.ctp" is missing. (/home/ya/js/gh/cake/vendor/cakephp/cakephp/src/View/View.php:1581)
Exception Attributes: array (
  'file' => 'Bookmarks/tags.ctp',
)
#0 /home/ya/js/gh/cake/vendor/cakephp/cakephp/src/View/View.php(875): Cake\View\View->_getViewFileName('Bookmarks/tags')
#1 /home/ya/js/gh/cake/vendor/cakephp/cakephp/src/Controller/Controller.php(795): Cake\View\View->render(NULL, NULL)
#2 /home/ya/js/gh/cake/vendor/cakephp/cakephp/src/Http/ActionDispatcher.php(126): Cake\Controller\Controller->render()
#3 /home/ya/js/gh/cake/vendor/cakephp/cakephp/src/Http/ActionDispatcher.php(94): Cake\Http\ActionDispatcher->_invoke(Object(App\Controller\BookmarksController))
#4 /home/ya/js/gh/cake/vendor/cakephp/cakephp/src/Http/BaseApplication.php(234): Cake\Http\ActionDispatcher->dispatch(Object(Cake\Http\ServerRequest), Object(Cake\Http\Response))
#5 /home/ya/js/gh/cake/vendor/cakephp/cakephp/src/Http/Runner.php(65): Cake\Http\BaseApplication->__invoke(Object(Cake\Http\ServerRequest), Object(Cake\Http\Response), Object(Cake\Http\Runner))
#6 /home/ya/js/gh/cake/vendor/cakephp/cakephp/src/Routing/Middleware/RoutingMiddleware.php(162): Cake\Http\Runner->__invoke(Object(Cake\Http\ServerRequest), Object(Cake\Http\Response))
#7 /home/ya/js/gh/cake/vendor/cakephp/cakephp/src/Http/Runner.php(65): Cake\Routing\Middleware\RoutingMiddleware->__invoke(Object(Cake\Http\ServerRequest), Object(Cake\Http\Response), Object(Cake\Http\Runner))
#8 /home/ya/js/gh/cake/vendor/cakephp/cakephp/src/Routing/Middleware/AssetMiddleware.php(88): Cake\Http\Runner->__invoke(Object(Cake\Http\ServerRequest), Object(Cake\Http\Response))
#9 /home/ya/js/gh/cake/vendor/cakephp/cakephp/src/Http/Runner.php(65): Cake\Routing\Middleware\AssetMiddleware->__invoke(Object(Cake\Http\ServerRequest), Object(Cake\Http\Response), Object(Cake\Http\Runner))
#10 /home/ya/js/gh/cake/vendor/cakephp/cakephp/src/Error/Middleware/ErrorHandlerMiddleware.php(96): Cake\Http\Runner->__invoke(Object(Cake\Http\ServerRequest), Object(Cake\Http\Response))
#11 /home/ya/js/gh/cake/vendor/cakephp/cakephp/src/Http/Runner.php(65): Cake\Error\Middleware\ErrorHandlerMiddleware->__invoke(Object(Cake\Http\ServerRequest), Object(Cake\Http\Response), Object(Cake\Http\Runner))
#12 /home/ya/js/gh/cake/vendor/cakephp/cakephp/src/Http/Runner.php(51): Cake\Http\Runner->__invoke(Object(Cake\Http\ServerRequest), Object(Cake\Http\Response))
#13 /home/ya/js/gh/cake/vendor/cakephp/cakephp/src/Http/Server.php(97): Cake\Http\Runner->run(Object(Cake\Http\MiddlewareQueue), Object(Cake\Http\ServerRequest), Object(Cake\Http\Response))
#14 /home/ya/js/gh/cake/webroot/index.php(40): Cake\Http\Server->run()
#15 {main}
Request URL: /bookmarks/tagged


2019-10-27 15:47:58 Warning: DebugKit not enabled. You need to either install pdo_sqlite, or define the "debug_kit" connection name.
2019-10-27 15:50:35 Warning: DebugKit not enabled. You need to either install pdo_sqlite, or define the "debug_kit" connection name.
2019-10-27 15:50:53 Warning: DebugKit not enabled. You need to either install pdo_sqlite, or define the "debug_kit" connection name.
2019-10-27 16:00:20 Warning: DebugKit not enabled. You need to either install pdo_sqlite, or define the "debug_kit" connection name.
